SF:lib\src\binance\rest_api.dart
DA:13,1
DA:17,2
DA:19,1
DA:22,2
DA:24,0
DA:28,0
DA:31,3
DA:37,2
DA:48,2
DA:52,3
DA:55,1
DA:56,2
DA:57,2
DA:58,2
DA:62,4
DA:68,1
DA:79,1
DA:82,2
DA:85,1
DA:88,0
DA:89,4
DA:90,2
DA:91,2
DA:93,1
DA:95,1
DA:99,3
DA:100,1
DA:102,1
DA:103,3
DA:105,1
DA:106,3
DA:108,1
DA:109,3
DA:112,4
DA:113,1
DA:114,1
DA:115,2
DA:118,2
DA:119,1
DA:120,2
DA:121,2
DA:125,2
DA:126,1
DA:127,2
DA:128,2
DA:149,3
DA:150,2
DA:156,1
DA:158,1
DA:159,1
DA:161,2
DA:162,3
DA:164,0
DA:167,1
DA:171,1
DA:173,2
DA:174,2
DA:175,1
DA:176,1
DA:177,1
DA:178,2
DA:179,1
DA:187,1
DA:188,1
DA:190,2
DA:191,1
DA:192,2
DA:194,2
DA:215,2
DA:218,1
DA:220,2
DA:222,1
DA:236,1
DA:237,3
DA:249,1
DA:253,3
DA:256,1
DA:260,1
DA:262,1
DA:266,0
DA:269,0
DA:273,0
DA:274,0
DA:275,0
DA:276,0
DA:278,0
DA:279,0
DA:281,0
DA:306,1
DA:311,3
DA:314,2
DA:327,1
DA:332,2
DA:335,2
DA:337,1
DA:338,1
DA:339,2
DA:340,2
DA:358,1
DA:364,2
DA:366,0
DA:368,2
DA:374,1
DA:375,1
DA:376,3
DA:394,1
DA:402,2
DA:404,0
DA:408,3
DA:409,1
DA:412,3
DA:414,3
DA:416,2
DA:421,1
DA:422,1
DA:423,3
DA:441,1
DA:449,1
DA:451,1
DA:452,1
DA:455,3
DA:458,1
DA:459,1
DA:461,0
DA:463,2
DA:468,1
DA:469,1
DA:470,2
DA:471,3
DA:472,2
DA:492,1
DA:496,3
DA:499,1
DA:511,1
DA:515,2
DA:518,1
DA:522,1
DA:523,1
DA:524,2
DA:525,1
DA:526,2
DA:535,1
DA:536,1
DA:537,2
DA:553,1
DA:557,2
DA:560,1
DA:564,1
DA:565,1
DA:566,2
DA:567,1
DA:568,2
DA:577,1
DA:578,1
DA:579,2
DA:595,1
DA:599,2
DA:602,1
DA:606,1
DA:607,1
DA:608,2
DA:609,1
DA:610,2
DA:619,1
DA:620,1
DA:621,2
DA:670,1
DA:698,2
DA:699,0
DA:700,0
DA:704,1
DA:705,1
DA:706,1
DA:708,1
DA:718,1
DA:719,1
DA:721,1
DA:723,1
DA:724,1
DA:726,1
DA:727,1
DA:728,1
DA:729,1
DA:731,1
DA:733,1
DA:734,1
DA:736,1
DA:737,1
DA:738,1
DA:739,1
DA:741,1
DA:744,1
DA:745,1
DA:749,1
DA:764,2
DA:773,1
DA:775,1
DA:779,1
DA:794,1
DA:796,1
DA:797,1
DA:798,1
DA:799,1
DA:800,1
DA:803,0
DA:806,2
DA:809,0
DA:812,0
DA:815,2
DA:816,2
DA:819,2
DA:838,1
DA:846,1
DA:848,1
DA:850,1
DA:853,2
DA:856,1
DA:858,3
DA:879,1
DA:890,1
DA:892,1
DA:894,1
DA:897,2
DA:900,1
DA:903,0
DA:905,3
LF:226
LH:204
end_of_record
SF:lib\src\binance\api_errors\api_error.dart
DA:5,2
DA:7,1
DA:8,3
LF:3
LH:3
end_of_record
SF:lib\src\binance\enums\interval.dart
DA:2,1
DA:54,1
DA:56,1
DA:58,1
DA:60,1
DA:62,1
DA:64,1
DA:66,1
DA:68,1
DA:70,1
DA:72,1
DA:74,1
DA:76,1
DA:78,1
DA:80,1
DA:82,1
DA:84,1
LF:17
LH:17
end_of_record
SF:lib\src\binance\enums\order_response_type.dart
DA:4,1
DA:11,1
DA:13,1
DA:15,1
DA:17,1
LF:5
LH:5
end_of_record
SF:lib\src\binance\enums\order_type.dart
DA:4,1
DA:37,1
DA:39,1
DA:41,1
DA:43,1
DA:45,1
DA:47,1
DA:49,1
DA:51,1
LF:9
LH:9
end_of_record
SF:lib\src\binance\enums\side.dart
DA:2,1
DA:5,1
DA:7,1
DA:9,1
LF:4
LH:4
end_of_record
SF:lib\src\binance\enums\time_in_force.dart
DA:2,1
DA:20,1
DA:22,1
DA:24,1
DA:26,1
LF:5
LH:5
end_of_record
SF:lib\src\binance\enums\trading_status.dart
DA:2,1
DA:26,1
DA:28,1
DA:30,1
DA:32,1
DA:34,1
DA:36,1
DA:38,1
DA:40,1
LF:9
LH:9
end_of_record
SF:lib\src\binance\models\aggregated_trade\aggregated_trade.dart
DA:34,1
DA:35,1
LF:2
LH:2
end_of_record
SF:lib\src\binance\models\average_price\average_price.dart
DA:13,1
DA:14,1
LF:2
LH:2
end_of_record
SF:lib\src\binance\models\exchange_filter\exchange_filter.dart
DA:13,1
DA:14,1
LF:2
LH:2
end_of_record
SF:lib\src\binance\models\exchange_info\exchange_info.dart
DA:18,1
DA:19,1
LF:2
LH:2
end_of_record
SF:lib\src\binance\models\kline\kline.dart
DA:25,1
DA:40,1
DA:42,1
DA:43,1
DA:44,1
DA:45,1
DA:46,1
DA:47,1
DA:48,1
DA:49,1
DA:50,1
DA:51,1
DA:52,1
DA:53,1
DA:54,1
DA:58,1
DA:61,3
DA:62,1
DA:63,3
DA:64,3
DA:65,3
DA:66,3
DA:68,3
DA:69,3
DA:70,3
DA:72,3
DA:73,3
DA:74,1
DA:75,2
DA:76,1
DA:77,2
DA:78,3
DA:81,1
DA:82,1
DA:83,1
DA:84,2
DA:85,2
DA:86,2
DA:87,2
DA:88,2
DA:89,2
DA:90,2
DA:91,2
DA:92,2
DA:93,2
DA:94,2
DA:95,2
DA:97,2
DA:98,1
DA:99,1
DA:100,1
DA:101,1
DA:102,1
DA:103,1
DA:104,1
DA:105,1
DA:106,1
DA:107,1
DA:108,1
DA:109,1
LF:60
LH:60
end_of_record
SF:lib\src\binance\models\order_book\order_book.dart
DA:14,1
DA:15,1
LF:2
LH:2
end_of_record
SF:lib\src\binance\models\rate_limiter\rate_limiter.dart
DA:15,1
DA:16,1
LF:2
LH:2
end_of_record
SF:lib\src\binance\models\symbol\symbol.dart
DA:28,1
DA:29,1
LF:2
LH:2
end_of_record
SF:lib\src\binance\models\tickers\book_ticker.dart
DA:16,1
DA:17,1
LF:2
LH:2
end_of_record
SF:lib\src\binance\models\tickers\day_ticker.dart
DA:32,1
DA:33,1
LF:2
LH:2
end_of_record
SF:lib\src\binance\models\tickers\price_ticker.dart
DA:13,1
DA:14,1
LF:2
LH:2
end_of_record
SF:lib\src\binance\models\trade\order_fill.dart
DA:16,1
DA:17,1
LF:2
LH:2
end_of_record
SF:lib\src\binance\models\trade\order_status.dart
DA:30,1
DA:31,1
LF:2
LH:2
end_of_record
SF:lib\src\binance\models\trade\trade.dart
DA:18,1
DA:19,1
LF:2
LH:2
end_of_record
SF:lib\src\binance\models\trade\trade_response.dart
DA:27,1
DA:28,1
DA:30,2
DA:32,1
DA:33,1
DA:35,1
LF:6
LH:6
end_of_record
SF:lib\src\common\extensions.dart
DA:3,3
LF:1
LH:1
end_of_record
SF:lib\src\common\request_method.dart
DA:1,1
DA:8,1
DA:10,1
DA:12,1
DA:14,1
LF:5
LH:5
end_of_record